<?xml version="1.0" encoding="UTF-8"?>
<testsuite xmlns:xsi="http://www.w3.org/2001/XMLSchema-instance" xsi:noNamespaceSchemaLocation="https://maven.apache.org/surefire/maven-surefire-plugin/xsd/surefire-test-report-3.0.xsd" version="3.0" name="Test_Package.AdminTest" time="0.06" tests="5" errors="0" skipped="0" failures="0">
  <properties>
[...]
</properties>
  <testcase name="testUbahMenu" classname="Test_Package.AdminTest" time="0.033"/>
  <testcase name="testHapusMenu" classname="Test_Package.AdminTest" time="0.001"/>
  <testcase name="testTambahMenu" classname="Test_Package.AdminTest" time="0.001"/>
  <testcase name="testGetBahanBakuList" classname="Test_Package.AdminTest" time="0.002"/>
  <testcase name="testTambahBahanBaku" classname="Test_Package.AdminTest" time="0.001"/>
</testsuite>